<?xml version="1.0" encoding="UTF-8"?>
<!-- Generated by org.testng.reporters.JUnitReportReporter -->
<testsuite skipped="0" hostname="Ravisankar" name="Runner.CompanyJunit" tests="1" failures="0" timestamp="29 Oct 2018 17:30:08 GMT" time="12.597" errors="0">
  <testcase name="feature" time="12.597" classname="Runner.CompanyJunit"/>
</testsuite> <!-- Runner.CompanyJunit -->
